2016-10-05 20:05:30,757 INFO  io.prediction.tools.console.App$ [main] -                 Name |   ID |                                                       Access Key | Allowed Event(s)
2016-10-05 20:05:30,804 INFO  io.prediction.tools.console.App$ [main] -                  AAA |   22 | HV7DPG_uWELgjg5MtS-kThu3mGO9ikmU5-p6DRNzBK-BBnk89n2yR4DK_wiKKqzK | (all)
2016-10-05 20:05:30,812 INFO  io.prediction.tools.console.App$ [main] -              Android |   26 | Wl_qIIHjGfIgDX1L84jqXHQ3ZFLVxb4ejV3Fz6GX4vRzEf7noPO1DxDFfFJJB8mJ | (all)
2016-10-05 20:05:30,819 INFO  io.prediction.tools.console.App$ [main] -                  App |    8 | iFsDzNKWG6qoO2jbysCQd2_s__10R0BQM1_fg2lYQJprQHyb-Kfn4PTG5D6-2Z7H | (all)
2016-10-05 20:05:30,825 INFO  io.prediction.tools.console.App$ [main] -                Lasts |   13 | GQOOowLyARbqL0LiMoauvEcHp59Iez-QFuKyEfg6nVMs5XXJ7U45-QuxJ53gSzEz | (all)
2016-10-05 20:05:30,834 INFO  io.prediction.tools.console.App$ [main] -                MJApp |   14 | IK5vaM3Y9bOLqxokoCfA6UY1itzxVg9m1lggFcHNu-LEKH-YG9eA3Y1kqI97nPtO | (all)
2016-10-05 20:05:30,839 INFO  io.prediction.tools.console.App$ [main] -               MyApp1 |    1 | j69tmFRU7OMcuT8k6reZBTCCzRQTQ7oRZUpyeehE-ST-3NSSlwjNBKxdUrmYmtYy | (all)
2016-10-05 20:05:30,845 INFO  io.prediction.tools.console.App$ [main] -                 RApp |   16 | kEhxyQCw5UiI-GuV8ErgGf6Yf9dDJm7uRcpsfPLABl3goUdOWZ5s1E_FQApf4VqR | (all)
2016-10-05 20:05:30,849 INFO  io.prediction.tools.console.App$ [main] -                 SApp |    9 | 3KTUVYSwjIWhOXjO_yg4z7pgi2moNULua35qc1uho7yvE-xxmQm3SAm1tVjYQaFZ | (all)
2016-10-05 20:05:30,863 INFO  io.prediction.tools.console.App$ [main] -                SJApp |   11 | lVIFvdM6m0feavDVazNJ6LOiWphOBZFfUMondw1KvC1J1bGleDDGR6RL2Z8EFVjf | (all)
2016-10-05 20:05:30,867 INFO  io.prediction.tools.console.App$ [main] -                  ZZZ |   23 | mVCaFTkSpeHbuplZ8_fl3JsfOJuDbGBlkPtwOer2I4yhlu6fOcrxYTGynr6uKb1m | (all)
2016-10-05 20:05:30,868 INFO  io.prediction.tools.console.App$ [main] - Finished listing 10 app(s).
2016-10-05 20:08:28,182 INFO  io.prediction.tools.console.App$ [main] -                 Name |   ID |                                                       Access Key | Allowed Event(s)
2016-10-05 20:08:28,233 INFO  io.prediction.tools.console.App$ [main] -                  AAA |   22 | HV7DPG_uWELgjg5MtS-kThu3mGO9ikmU5-p6DRNzBK-BBnk89n2yR4DK_wiKKqzK | (all)
2016-10-05 20:08:28,240 INFO  io.prediction.tools.console.App$ [main] -              Android |   26 | Wl_qIIHjGfIgDX1L84jqXHQ3ZFLVxb4ejV3Fz6GX4vRzEf7noPO1DxDFfFJJB8mJ | (all)
2016-10-05 20:08:28,246 INFO  io.prediction.tools.console.App$ [main] -                  App |    8 | iFsDzNKWG6qoO2jbysCQd2_s__10R0BQM1_fg2lYQJprQHyb-Kfn4PTG5D6-2Z7H | (all)
2016-10-05 20:08:28,252 INFO  io.prediction.tools.console.App$ [main] -                Lasts |   13 | GQOOowLyARbqL0LiMoauvEcHp59Iez-QFuKyEfg6nVMs5XXJ7U45-QuxJ53gSzEz | (all)
2016-10-05 20:08:28,265 INFO  io.prediction.tools.console.App$ [main] -                MJApp |   14 | IK5vaM3Y9bOLqxokoCfA6UY1itzxVg9m1lggFcHNu-LEKH-YG9eA3Y1kqI97nPtO | (all)
2016-10-05 20:08:28,272 INFO  io.prediction.tools.console.App$ [main] -               MyApp1 |    1 | j69tmFRU7OMcuT8k6reZBTCCzRQTQ7oRZUpyeehE-ST-3NSSlwjNBKxdUrmYmtYy | (all)
2016-10-05 20:08:28,279 INFO  io.prediction.tools.console.App$ [main] -                 RApp |   16 | kEhxyQCw5UiI-GuV8ErgGf6Yf9dDJm7uRcpsfPLABl3goUdOWZ5s1E_FQApf4VqR | (all)
2016-10-05 20:08:28,295 INFO  io.prediction.tools.console.App$ [main] -                 SApp |    9 | 3KTUVYSwjIWhOXjO_yg4z7pgi2moNULua35qc1uho7yvE-xxmQm3SAm1tVjYQaFZ | (all)
2016-10-05 20:08:28,300 INFO  io.prediction.tools.console.App$ [main] -                SJApp |   11 | lVIFvdM6m0feavDVazNJ6LOiWphOBZFfUMondw1KvC1J1bGleDDGR6RL2Z8EFVjf | (all)
2016-10-05 20:08:28,304 INFO  io.prediction.tools.console.App$ [main] -                  ZZZ |   23 | mVCaFTkSpeHbuplZ8_fl3JsfOJuDbGBlkPtwOer2I4yhlu6fOcrxYTGynr6uKb1m | (all)
2016-10-05 20:08:28,305 INFO  io.prediction.tools.console.App$ [main] - Finished listing 10 app(s).
2016-10-05 21:07:26,519 INFO  io.prediction.tools.console.App$ [main] -                 Name |   ID |                                                       Access Key | Allowed Event(s)
2016-10-05 21:07:26,570 INFO  io.prediction.tools.console.App$ [main] -                  AAA |   22 | HV7DPG_uWELgjg5MtS-kThu3mGO9ikmU5-p6DRNzBK-BBnk89n2yR4DK_wiKKqzK | (all)
2016-10-05 21:07:26,576 INFO  io.prediction.tools.console.App$ [main] -              Android |   26 | Wl_qIIHjGfIgDX1L84jqXHQ3ZFLVxb4ejV3Fz6GX4vRzEf7noPO1DxDFfFJJB8mJ | (all)
2016-10-05 21:07:26,582 INFO  io.prediction.tools.console.App$ [main] -                  App |    8 | iFsDzNKWG6qoO2jbysCQd2_s__10R0BQM1_fg2lYQJprQHyb-Kfn4PTG5D6-2Z7H | (all)
2016-10-05 21:07:26,587 INFO  io.prediction.tools.console.App$ [main] -                Lasts |   13 | GQOOowLyARbqL0LiMoauvEcHp59Iez-QFuKyEfg6nVMs5XXJ7U45-QuxJ53gSzEz | (all)
2016-10-05 21:07:26,597 INFO  io.prediction.tools.console.App$ [main] -                MJApp |   14 | IK5vaM3Y9bOLqxokoCfA6UY1itzxVg9m1lggFcHNu-LEKH-YG9eA3Y1kqI97nPtO | (all)
2016-10-05 21:07:26,602 INFO  io.prediction.tools.console.App$ [main] -               MyApp1 |    1 | j69tmFRU7OMcuT8k6reZBTCCzRQTQ7oRZUpyeehE-ST-3NSSlwjNBKxdUrmYmtYy | (all)
2016-10-05 21:07:26,607 INFO  io.prediction.tools.console.App$ [main] -                 RApp |   16 | kEhxyQCw5UiI-GuV8ErgGf6Yf9dDJm7uRcpsfPLABl3goUdOWZ5s1E_FQApf4VqR | (all)
2016-10-05 21:07:26,613 INFO  io.prediction.tools.console.App$ [main] -                 SApp |    9 | 3KTUVYSwjIWhOXjO_yg4z7pgi2moNULua35qc1uho7yvE-xxmQm3SAm1tVjYQaFZ | (all)
2016-10-05 21:07:26,618 INFO  io.prediction.tools.console.App$ [main] -                SJApp |   11 | lVIFvdM6m0feavDVazNJ6LOiWphOBZFfUMondw1KvC1J1bGleDDGR6RL2Z8EFVjf | (all)
2016-10-05 21:07:26,623 INFO  io.prediction.tools.console.App$ [main] -                  ZZZ |   23 | mVCaFTkSpeHbuplZ8_fl3JsfOJuDbGBlkPtwOer2I4yhlu6fOcrxYTGynr6uKb1m | (all)
2016-10-05 21:07:26,624 INFO  io.prediction.tools.console.App$ [main] - Finished listing 10 app(s).
